::1 - - [2022-06-27T18:36:26+02:00] "GET /example HTTP/1.1" 304  0.399 ms - -
::1 - - [2022-06-27T18:36:42+02:00] "GET /example1 HTTP/1.1" 404  1.363 ms - 36
::1 - - [2022-06-27T18:36:58+02:00] "GET /example1 HTTP/1.1" 404  3.456 ms - 36
::1 - - [2022-06-27T18:37:09+02:00] "GET /example HTTP/1.1" 304  0.800 ms - -
::1 - - [2022-06-27T18:37:11+02:00] "GET /example HTTP/1.1" 304  0.546 ms - -
::1 - - [2022-06-27T18:37:20+02:00] "GET /example HTTP/1.1" 304  2.797 ms - -
::1 - - [2022-06-27T18:37:22+02:00] "GET /example HTTP/1.1" 304  0.591 ms - -
::1 - - [2022-06-27T18:37:33+02:00] "GET /example HTTP/1.1" 304  2.897 ms - -
::1 - - [2022-06-27T18:37:39+02:00] "GET /example HTTP/1.1" 304  2.889 ms - -
::1 - - [2022-06-27T18:37:44+02:00] "GET /example HTTP/1.1" 304  0.587 ms - -
::1 - - [2022-06-27T18:38:23+02:00] "GET /example HTTP/1.1" 200  20.518 ms - 28
::1 - - [2022-06-27T18:38:28+02:00] "GET /example HTTP/1.1" 304  0.429 ms - -
::1 - - [2022-06-27T18:38:34+02:00] "GET /example HTTP/1.1" 200  0.852 ms - 28
::1 - - [2022-06-27T18:39:35+02:00] "GET /sed HTTP/1.1" 404  3.292 ms - 36
::1 - - [2022-06-27T18:40:02+02:00] "GET /sed HTTP/1.1" 404  4.056 ms - 36
::1 - - [2022-06-27T18:40:06+02:00] "GET /example HTTP/1.1" 200  0.606 ms - 28
::ffff:127.0.0.1 - - [2022-06-27T18:55:35+02:00] "GET /example HTTP/1.1" 304  3.199 ms - -
::1 - - [2022-06-27T18:56:17+02:00] "GET /example HTTP/1.1" 304  3.341 ms - -
::1 - - [2022-06-27T18:58:35+02:00] "GET /example HTTP/1.1" 304  3.196 ms - -
::1 - - [2022-06-27T18:58:47+02:00] "GET /example HTTP/1.1" 304  3.299 ms - -
::1 - - [2022-06-27T18:59:45+02:00] "GET /examplegfwsgerw HTTP/1.1" 404  4.074 ms - 36
::1 - - [2022-06-27T19:00:17+02:00] "GET /examplegfwsgerw HTTP/1.1" 404  3.588 ms - 36
::1 - - [2022-06-27T19:00:22+02:00] "GET /examplegfwsgerw HTTP/1.1" 404  0.993 ms - 36
::1 - - [2022-06-27T19:00:25+02:00] "GET /examplegfwsgerw HTTP/1.1" 404  0.946 ms - 36
::1 - - [2022-06-27T19:00:28+02:00] "GET /example HTTP/1.1" 304  1.672 ms - -
